12:33:19 **** Build of configuration Nios II for project DEMO4 ****
make all 
Info: Building ../DEMO4_bsp/
C:/intelFPGA_lite/18.1/nios2eds/bin/gnu/H-x86_64-mingw32/bin/make --no-print-directory -C ../DEMO4_bsp/
[BSP build complete]
Info: Compiling custom_component_demo.c to obj/default/custom_component_demo.o
nios2-elf-gcc -xc -MP -MMD -c -I../DEMO4_bsp//HAL/inc -I../DEMO4_bsp/ -I../DEMO4_bsp//drivers/inc  -pipe -D__hal__ -DALT_NO_INSTRUCTION_EMULATION -DALT_SINGLE_THREADED    -O0 -g -Wall   -mno-hw-div -mno-hw-mul -mno-hw-mulx -mgpopt=global  -o obj/default/custom_component_demo.o custom_component_demo.c
Info: Linking DEMO4.elf
nios2-elf-g++  -T'../DEMO4_bsp//linker.x' -msys-crt0='../DEMO4_bsp//obj/HAL/src/crt0.o' -msys-lib=hal_bsp -L../DEMO4_bsp/   -Wl,-Map=DEMO4.map   -O0 -g -Wall   -mno-hw-div -mno-hw-mul -mno-hw-mulx -mgpopt=global  -o DEMO4.elf obj/default/custom_component_demo.o -lm -msys-lib=m
nios2-elf-insert DEMO4.elf --thread_model hal --cpu_name nios2_gen2_0 --qsys true --simulation_enabled false --id 1 --sidp 0x11020 --timestamp 1696004985 --stderr_dev jtag_uart_0 --stdin_dev jtag_uart_0 --stdout_dev jtag_uart_0 --sopc_system_name unsaved --quartus_project_dir "C:/projects/CPET561/demo4" --jdi ../..//output_files/DEMO4.jdi --sopcinfo C:/projects/CPET561/demo4/Software/DEMO4_bsp/../../unsaved.sopcinfo
Info: (DEMO4.elf) 15 KBytes program size (code + initialized data).
Info:             11 KBytes free for stack + heap.
Info: Creating DEMO4.objdump
nios2-elf-objdump --disassemble --syms --all-header --source DEMO4.elf >DEMO4.objdump
[DEMO4 build complete]
12:34:43 **** Incremental Build of configuration Nios II for project DEMO4 ****
make all 
Info: Building ../DEMO4_bsp/
C:/intelFPGA_lite/18.1/nios2eds/bin/gnu/H-x86_64-mingw32/bin/make --no-print-directory -C ../DEMO4_bsp/
[BSP build complete]
[DEMO4 build complete]
12:35:39 **** Incremental Build of configuration Nios II for project DEMO4 ****
make all 
Info: Building ../DEMO4_bsp/
C:/intelFPGA_lite/18.1/nios2eds/bin/gnu/H-x86_64-mingw32/bin/make --no-print-directory -C ../DEMO4_bsp/
[BSP build complete]
[DEMO4 build complete]
12:36:51 **** Incremental Build of configuration Nios II for project DEMO4 ****
make all 
Info: Building ../DEMO4_bsp/
C:/intelFPGA_lite/18.1/nios2eds/bin/gnu/H-x86_64-mingw32/bin/make --no-print-directory -C ../DEMO4_bsp/
[BSP build complete]
[DEMO4 build complete]
